<?xml version="1.0" encoding="UTF-8"?>
<!-- Generated by org.testng.reporters.JUnitReportReporter -->
<testsuite hostname="LAPTOP-HTG9NIC3" failures="0" tests="1" name="testCases.TC002_VerifyHomePageTabs" time="6.357" errors="0" timestamp="17 Sept 2025 14:19:04 GMT" skipped="0">
  <testcase classname="testCases.TC002_VerifyHomePageTabs" name="verifytopmenu" time="6.357"/>
</testsuite> <!-- testCases.TC002_VerifyHomePageTabs -->
