<?xml version="1.0" encoding="UTF-8"?>
<!-- Generated by org.testng.reporters.JUnitReportReporter -->
<testsuite hostname="LAPTOP-HTG9NIC3" failures="0" tests="1" name="testCases.TC005_SortProductByPrice" time="7.696" errors="0" timestamp="17 Sept 2025 08:29:28 GMT" skipped="0">
  <testcase classname="testCases.TC005_SortProductByPrice" name="sortproduct" time="7.696"/>
</testsuite> <!-- testCases.TC005_SortProductByPrice -->
