<?xml version="1.0" encoding="UTF-8"?>
<!-- Generated by org.testng.reporters.JUnitReportReporter -->
<testsuite hostname="LAPTOP-HTG9NIC3" failures="0" tests="4" name="testCases.TC004_SearchItem" time="15.027" errors="0" timestamp="17 Sept 2025 14:19:04 GMT" skipped="0">
  <testcase classname="testCases.TC004_SearchItem" name="searchitem" time="3.938"/>
  <testcase classname="testCases.TC004_SearchItem" name="searchitem" time="2.735"/>
  <testcase classname="testCases.TC004_SearchItem" name="searchitem" time="3.865"/>
  <testcase classname="testCases.TC004_SearchItem" name="searchitem" time="4.489"/>
</testsuite> <!-- testCases.TC004_SearchItem -->
