<?xml version="1.0" encoding="UTF-8"?>
<!-- Generated by org.testng.reporters.JUnitReportReporter -->
<testsuite hostname="LAPTOP-HTG9NIC3" failures="0" tests="1" name="testCases.TC007_EmptySearchAlert" time="0.261" errors="0" timestamp="17 Sept 2025 14:19:04 GMT" skipped="0">
  <testcase classname="testCases.TC007_EmptySearchAlert" name="verifyemptysearchalert" time="0.261"/>
</testsuite> <!-- testCases.TC007_EmptySearchAlert -->
