<?xml version="1.0" encoding="UTF-8"?>
<!-- Generated by org.testng.reporters.JUnitReportReporter -->
<testsuite hostname="LAPTOP-HTG9NIC3" failures="0" tests="1" name="testCases.TC002_VerifyHomePageTabs" time="5.705" errors="0" timestamp="14 Sept 2025 22:10:53 GMT" skipped="0">
  <testcase classname="testCases.TC002_VerifyHomePageTabs" name="verifytopmenu" time="5.705"/>
</testsuite> <!-- testCases.TC002_VerifyHomePageTabs -->
